<?xml version="1.0" encoding="UTF-8"?>
<testng-results ignored="0" total="1" passed="1" failed="0" skipped="0">
  <reporter-output>
  </reporter-output>
  <suite started-at="2023-05-18T00:02:53 IST" name="Default suite" finished-at="2023-05-18T00:02:57 IST" duration-ms="3883">
    <groups>
    </groups>
    <test started-at="2023-05-18T00:02:53 IST" name="Default test" finished-at="2023-05-18T00:02:57 IST" duration-ms="3883">
      <class name="com.ssid.test.didCreation.DidCreation">
        <test-method is-config="true" signature="Excel()[pri:0, instance:com.ssid.test.didCreation.DidCreation@3b0090a4]" started-at="2023-05-18T00:02:53 IST" name="Excel" finished-at="2023-05-18T00:02:55 IST" duration-ms="2247" status="PASS">
          <reporter-output>
          </reporter-output>
        </test-method> <!-- Excel -->
        <test-method signature="didCreation()[pri:0, instance:com.ssid.test.didCreation.DidCreation@3b0090a4]" started-at="2023-05-18T00:02:55 IST" name="didCreation" finished-at="2023-05-18T00:02:57 IST" duration-ms="1548" status="PASS">
          <reporter-output>
          </reporter-output>
        </test-method> <!-- didCreation -->
      </class> <!-- com.ssid.test.didCreation.DidCreation -->
    </test> <!-- Default test -->
  </suite> <!-- Default suite -->
</testng-results>
